<?xml version="1.0" encoding="UTF-8"?>
<!-- Generated by org.testng.reporters.JUnitXMLReporter -->
<testsuite ignored="2" hostname="LPT966-B1" failures="0" tests="1" name="Default test" time="24.825" errors="0" timestamp="2023-02-17T14:44:21 IST">
  <testcase classname="TestPages.TestPageCustomer" name="ValidCustomer" time="3.507"/>
  <testcase classname="TestPages.TestPageCustomer" name="AssignTariffPlan" time="0.0">
    <ignored/>
  </testcase> <!-- AssignTariffPlan -->
  <testcase classname="TestPages.TestPageCustomer" name="InvalidCustomer" time="0.0">
    <ignored/>
  </testcase> <!-- InvalidCustomer -->
</testsuite> <!-- Default test -->
