<?xml version="1.0" encoding="UTF-8"?>
<!-- Generated by org.testng.reporters.JUnitXMLReporter -->
<testsuite ignored="0" hostname="LPT966-B1" failures="0" tests="7" name="Test" time="143.137" errors="0" timestamp="2023-02-17T19:27:25 IST">
  <testcase classname="TestPages.TestPageCustomer" name="AssignTariffPlan" time="5.311"/>
  <testcase classname="TestPages.TestPageCustomer" name="InvalidCustomer" time="1.342"/>
  <testcase classname="TestPages.TestPageCustomer" name="ValidCustomer" time="2.987"/>
  <testcase classname="TestPages.TestPageBilling" name="Bill" time="6.071"/>
  <testcase classname="TestPages.TestPageBilling" name="NoBill" time="1.011"/>
  <testcase classname="TestPages.TestPageTariff" name="BlankTariffPlan" time="1.135"/>
  <testcase classname="TestPages.TestPageTariff" name="SubmitTariffPlanDetails" time="2.497"/>
</testsuite> <!-- Test -->
