<?xml version="1.0" encoding="UTF-8"?>
<testng-results ignored="0" total="7" passed="7" failed="0" skipped="0">
  <reporter-output>
  </reporter-output>
  <suite started-at="2023-02-17T19:25:02 IST" name="Suite" finished-at="2023-02-17T19:27:25 IST" duration-ms="143137">
    <groups>
    </groups>
    <test started-at="2023-02-17T19:25:02 IST" name="Test" finished-at="2023-02-17T19:27:25 IST" duration-ms="143137">
      <class name="TestPages.TestPageCustomer">
        <test-method is-config="true" signature="launch()[pri:0, instance:TestPages.TestPageCustomer@2a265ea9]" started-at="2023-02-17T19:25:03 IST" name="launch" finished-at="2023-02-17T19:25:21 IST" duration-ms="18720" status="PASS">
          <reporter-output>
          </reporter-output>
        </test-method> <!-- launch -->
        <test-method signature="AssignTariffPlan(java.lang.String,java.lang.String,java.lang.String,java.lang.String,java.lang.String)[pri:0, instance:TestPages.TestPageCustomer@2a265ea9]" started-at="2023-02-17T19:25:21 IST" name="AssignTariffPlan" data-provider="getLoginData" finished-at="2023-02-17T19:25:27 IST" duration-ms="5311" status="PASS">
          <params>
            <param index="0">
              <value>
                <![CDATA[Nithish]]>
              </value>
            </param>
            <param index="1">
              <value>
                <![CDATA[Kumar]]>
              </value>
            </param>
            <param index="2">
              <value>
                <![CDATA[nk@gmail.com]]>
              </value>
            </param>
            <param index="3">
              <value>
                <![CDATA[Bangalore]]>
              </value>
            </param>
            <param index="4">
              <value>
                <![CDATA[9890786756]]>
              </value>
            </param>
          </params>
          <reporter-output>
          </reporter-output>
        </test-method> <!-- AssignTariffPlan -->
        <test-method is-config="true" signature="Quit()[pri:0, instance:TestPages.TestPageCustomer@2a265ea9]" started-at="2023-02-17T19:25:27 IST" name="Quit" finished-at="2023-02-17T19:25:29 IST" duration-ms="1561" status="PASS">
          <reporter-output>
          </reporter-output>
        </test-method> <!-- Quit -->
        <test-method is-config="true" signature="launch()[pri:0, instance:TestPages.TestPageCustomer@2a265ea9]" started-at="2023-02-17T19:25:29 IST" name="launch" finished-at="2023-02-17T19:25:43 IST" duration-ms="14859" status="PASS">
          <reporter-output>
          </reporter-output>
        </test-method> <!-- launch -->
        <test-method signature="InvalidCustomer()[pri:0, instance:TestPages.TestPageCustomer@2a265ea9]" started-at="2023-02-17T19:25:43 IST" name="InvalidCustomer" finished-at="2023-02-17T19:25:45 IST" duration-ms="1342" status="PASS">
          <reporter-output>
          </reporter-output>
        </test-method> <!-- InvalidCustomer -->
        <test-method is-config="true" signature="Quit()[pri:0, instance:TestPages.TestPageCustomer@2a265ea9]" started-at="2023-02-17T19:25:45 IST" name="Quit" finished-at="2023-02-17T19:25:47 IST" duration-ms="1803" status="PASS">
          <reporter-output>
          </reporter-output>
        </test-method> <!-- Quit -->
        <test-method is-config="true" signature="launch()[pri:0, instance:TestPages.TestPageCustomer@2a265ea9]" started-at="2023-02-17T19:25:47 IST" name="launch" finished-at="2023-02-17T19:26:01 IST" duration-ms="14399" status="PASS">
          <reporter-output>
          </reporter-output>
        </test-method> <!-- launch -->
        <test-method signature="ValidCustomer(java.lang.String,java.lang.String,java.lang.String,java.lang.String,java.lang.String)[pri:0, instance:TestPages.TestPageCustomer@2a265ea9]" started-at="2023-02-17T19:26:01 IST" name="ValidCustomer" data-provider="getLoginData" finished-at="2023-02-17T19:26:04 IST" duration-ms="2987" status="PASS">
          <params>
            <param index="0">
              <value>
                <![CDATA[Nithish]]>
              </value>
            </param>
            <param index="1">
              <value>
                <![CDATA[Kumar]]>
              </value>
            </param>
            <param index="2">
              <value>
                <![CDATA[nk@gmail.com]]>
              </value>
            </param>
            <param index="3">
              <value>
                <![CDATA[Bangalore]]>
              </value>
            </param>
            <param index="4">
              <value>
                <![CDATA[9890786756]]>
              </value>
            </param>
          </params>
          <reporter-output>
          </reporter-output>
        </test-method> <!-- ValidCustomer -->
        <test-method is-config="true" signature="Quit()[pri:0, instance:TestPages.TestPageCustomer@2a265ea9]" started-at="2023-02-17T19:26:04 IST" name="Quit" finished-at="2023-02-17T19:26:06 IST" duration-ms="1675" status="PASS">
          <reporter-output>
          </reporter-output>
        </test-method> <!-- Quit -->
      </class> <!-- TestPages.TestPageCustomer -->
      <class name="TestPages.TestPageBilling">
        <test-method is-config="true" signature="launch()[pri:0, instance:TestPages.TestPageBilling@68c9133c]" started-at="2023-02-17T19:26:06 IST" name="launch" finished-at="2023-02-17T19:26:23 IST" duration-ms="16834" status="PASS">
          <reporter-output>
          </reporter-output>
        </test-method> <!-- launch -->
        <test-method signature="Bill(java.lang.String,java.lang.String,java.lang.String,java.lang.String,java.lang.String)[pri:0, instance:TestPages.TestPageBilling@68c9133c]" started-at="2023-02-17T19:26:23 IST" name="Bill" data-provider="getLoginData" finished-at="2023-02-17T19:26:29 IST" duration-ms="6071" status="PASS">
          <params>
            <param index="0">
              <value>
                <![CDATA[Nithish]]>
              </value>
            </param>
            <param index="1">
              <value>
                <![CDATA[Kumar]]>
              </value>
            </param>
            <param index="2">
              <value>
                <![CDATA[nk@gmail.com]]>
              </value>
            </param>
            <param index="3">
              <value>
                <![CDATA[Bangalore]]>
              </value>
            </param>
            <param index="4">
              <value>
                <![CDATA[9890786756]]>
              </value>
            </param>
          </params>
          <reporter-output>
          </reporter-output>
        </test-method> <!-- Bill -->
        <test-method is-config="true" signature="Quit()[pri:0, instance:TestPages.TestPageBilling@68c9133c]" started-at="2023-02-17T19:26:29 IST" name="Quit" finished-at="2023-02-17T19:26:31 IST" duration-ms="1808" status="PASS">
          <reporter-output>
          </reporter-output>
        </test-method> <!-- Quit -->
        <test-method is-config="true" signature="launch()[pri:0, instance:TestPages.TestPageBilling@68c9133c]" started-at="2023-02-17T19:26:31 IST" name="launch" finished-at="2023-02-17T19:26:46 IST" duration-ms="14493" status="PASS">
          <reporter-output>
          </reporter-output>
        </test-method> <!-- launch -->
        <test-method signature="NoBill()[pri:0, instance:TestPages.TestPageBilling@68c9133c]" started-at="2023-02-17T19:26:46 IST" name="NoBill" finished-at="2023-02-17T19:26:47 IST" duration-ms="1011" status="PASS">
          <reporter-output>
          </reporter-output>
        </test-method> <!-- NoBill -->
        <test-method is-config="true" signature="Quit()[pri:0, instance:TestPages.TestPageBilling@68c9133c]" started-at="2023-02-17T19:26:47 IST" name="Quit" finished-at="2023-02-17T19:26:48 IST" duration-ms="1476" status="PASS">
          <reporter-output>
          </reporter-output>
        </test-method> <!-- Quit -->
      </class> <!-- TestPages.TestPageBilling -->
      <class name="TestPages.TestPageTariff">
        <test-method is-config="true" signature="launch()[pri:0, instance:TestPages.TestPageTariff@7a35b0f5]" started-at="2023-02-17T19:26:48 IST" name="launch" finished-at="2023-02-17T19:27:03 IST" duration-ms="14339" status="PASS">
          <reporter-output>
          </reporter-output>
        </test-method> <!-- launch -->
        <test-method signature="BlankTariffPlan()[pri:0, instance:TestPages.TestPageTariff@7a35b0f5]" started-at="2023-02-17T19:27:03 IST" name="BlankTariffPlan" finished-at="2023-02-17T19:27:04 IST" duration-ms="1135" status="PASS">
          <reporter-output>
          </reporter-output>
        </test-method> <!-- BlankTariffPlan -->
        <test-method is-config="true" signature="Quit()[pri:0, instance:TestPages.TestPageTariff@7a35b0f5]" started-at="2023-02-17T19:27:04 IST" name="Quit" finished-at="2023-02-17T19:27:06 IST" duration-ms="1514" status="PASS">
          <reporter-output>
          </reporter-output>
        </test-method> <!-- Quit -->
        <test-method is-config="true" signature="launch()[pri:0, instance:TestPages.TestPageTariff@7a35b0f5]" started-at="2023-02-17T19:27:06 IST" name="launch" finished-at="2023-02-17T19:27:21 IST" duration-ms="14963" status="PASS">
          <reporter-output>
          </reporter-output>
        </test-method> <!-- launch -->
        <test-method signature="SubmitTariffPlanDetails(java.lang.String,java.lang.String,java.lang.String,java.lang.String,java.lang.String,java.lang.String,java.lang.String)[pri:0, instance:TestPages.TestPageTariff@7a35b0f5]" started-at="2023-02-17T19:27:21 IST" name="SubmitTariffPlanDetails" data-provider="getLoginData1" finished-at="2023-02-17T19:27:23 IST" duration-ms="2497" status="PASS">
          <params>
            <param index="0">
              <value>
                <![CDATA[97]]>
              </value>
            </param>
            <param index="1">
              <value>
                <![CDATA[45]]>
              </value>
            </param>
            <param index="2">
              <value>
                <![CDATA[48]]>
              </value>
            </param>
            <param index="3">
              <value>
                <![CDATA[55]]>
              </value>
            </param>
            <param index="4">
              <value>
                <![CDATA[98]]>
              </value>
            </param>
            <param index="5">
              <value>
                <![CDATA[56]]>
              </value>
            </param>
            <param index="6">
              <value>
                <![CDATA[70]]>
              </value>
            </param>
          </params>
          <reporter-output>
          </reporter-output>
        </test-method> <!-- SubmitTariffPlanDetails -->
        <test-method is-config="true" signature="Quit()[pri:0, instance:TestPages.TestPageTariff@7a35b0f5]" started-at="2023-02-17T19:27:23 IST" name="Quit" finished-at="2023-02-17T19:27:25 IST" duration-ms="1362" status="PASS">
          <reporter-output>
          </reporter-output>
        </test-method> <!-- Quit -->
      </class> <!-- TestPages.TestPageTariff -->
    </test> <!-- Test -->
  </suite> <!-- Suite -->
</testng-results>
